<?xml version="1.0" encoding="UTF-8"?>
<!-- Generated by org.testng.reporters.JUnitXMLReporter -->
<testsuite ignored="0" hostname="DESKTOP-KFN922T" failures="0" tests="3" name="Default test" time="0.185" errors="0" timestamp="2024-01-30T09:45:41 IST">
  <testcase classname="InvocationCount.InvocationCountDemo" name="test1" time="0.025"/>
  <testcase classname="InvocationCount.InvocationCountDemo" name="test1" time="0.003"/>
  <testcase classname="InvocationCount.InvocationCountDemo" name="test2" time="0.007"/>
</testsuite> <!-- Default test -->
