<?xml version="1.0" encoding="UTF-8"?>
<testng-results ignored="0" total="3" passed="3" failed="0" skipped="0">
  <reporter-output>
  </reporter-output>
  <suite started-at="2024-01-30T09:45:41 IST" name="Default suite" finished-at="2024-01-30T09:45:41 IST" duration-ms="185">
    <groups>
    </groups>
    <test started-at="2024-01-30T09:45:41 IST" name="Default test" finished-at="2024-01-30T09:45:41 IST" duration-ms="185">
      <class name="InvocationCount.InvocationCountDemo">
        <test-method signature="test1(org.testng.ITestContext)[pri:0, instance:InvocationCount.InvocationCountDemo@6adbc9d]" started-at="2024-01-30T09:45:41 IST" name="test1" finished-at="2024-01-30T09:45:41 IST" duration-ms="25" status="PASS">
          <params>
            <param index="0">
              <value>
                <![CDATA[org.testng.TestRunner@6a2b953e]]>
              </value>
            </param>
          </params>
          <reporter-output>
          </reporter-output>
        </test-method> <!-- test1 -->
        <test-method signature="test1(org.testng.ITestContext)[pri:0, instance:InvocationCount.InvocationCountDemo@6adbc9d]" started-at="2024-01-30T09:45:41 IST" name="test1" finished-at="2024-01-30T09:45:41 IST" duration-ms="3" status="PASS">
          <params>
            <param index="0">
              <value>
                <![CDATA[org.testng.TestRunner@6a2b953e]]>
              </value>
            </param>
          </params>
          <reporter-output>
          </reporter-output>
        </test-method> <!-- test1 -->
        <test-method signature="test2()[pri:0, instance:InvocationCount.InvocationCountDemo@6adbc9d]" started-at="2024-01-30T09:45:41 IST" name="test2" finished-at="2024-01-30T09:45:41 IST" duration-ms="7" status="PASS">
          <reporter-output>
          </reporter-output>
        </test-method> <!-- test2 -->
      </class> <!-- InvocationCount.InvocationCountDemo -->
    </test> <!-- Default test -->
  </suite> <!-- Default suite -->
</testng-results>
