<?xml version="1.0" encoding="UTF-8"?>
<testng-results ignored="0" total="1" passed="1" failed="0" skipped="0">
  <reporter-output>
  </reporter-output>
  <suite started-at="2024-01-30T18:18:05 IST" name="Default suite" finished-at="2024-01-30T18:18:06 IST" duration-ms="165">
    <groups>
    </groups>
    <test started-at="2024-01-30T18:18:05 IST" name="Default test" finished-at="2024-01-30T18:18:06 IST" duration-ms="165">
      <class name="TestNGRev3.TestNGDemo">
        <test-method signature="demo()[pri:0, instance:TestNGRev3.TestNGDemo@c8c12ac]" started-at="2024-01-30T18:18:06 IST" name="demo" finished-at="2024-01-30T18:18:06 IST" duration-ms="28" status="PASS">
          <reporter-output>
          </reporter-output>
        </test-method> <!-- demo -->
      </class> <!-- TestNGRev3.TestNGDemo -->
    </test> <!-- Default test -->
  </suite> <!-- Default suite -->
</testng-results>
