<?xml version="1.0" encoding="UTF-8"?>
<!-- Generated by org.testng.reporters.JUnitXMLReporter -->
<testsuite ignored="4" hostname="DESKTOP-KFN922T" failures="0" tests="2" name="Test" time="0.082" errors="0" timestamp="2024-01-26T10:32:10 IST">
  <testcase classname="TestNGRev.LoanDepartment" name="MobileLoginAutomobileLoan" time="0.016"/>
  <testcase classname="TestNGRev.LoanDepartment" name="MobileLoginPersonalloan" time="0.001"/>
  <testcase classname="TestNGRev.LoanDepartment" name="WebLoginAutoMobileLoan" time="0.0">
    <ignored/>
  </testcase> <!-- WebLoginAutoMobileLoan -->
  <testcase classname="TestNGRev.LoanDepartment" name="WebLoginPersonalLoan" time="0.0">
    <ignored/>
  </testcase> <!-- WebLoginPersonalLoan -->
  <testcase classname="TestNGRev.LoanDepartment" name="ApiLoginPersonalLoan" time="0.0">
    <ignored/>
  </testcase> <!-- ApiLoginPersonalLoan -->
  <testcase classname="TestNGRev.LoanDepartment" name="APILoginAutoMobileLoan" time="0.0">
    <ignored/>
  </testcase> <!-- APILoginAutoMobileLoan -->
</testsuite> <!-- Test -->
